<?xml version="1.0" encoding="UTF-8"?>
<testsuite name="seedu.address.logic.commands.MarkAbsentCommandTest" tests="4" skipped="0" failures="0" errors="0" timestamp="2023-11-01T10:51:08" hostname="Bohs-Air" time="0.002">
  <properties/>
  <testcase name="execute_invalidTutorialIndex_throwsCommandException()" classname="seedu.address.logic.commands.MarkAbsentCommandTest" time="0.0"/>
  <testcase name="equals()" classname="seedu.address.logic.commands.MarkAbsentCommandTest" time="0.0"/>
  <testcase name="execute_nonexistentStudentNumber_throwsCommandException()" classname="seedu.address.logic.commands.MarkAbsentCommandTest" time="0.0"/>
  <testcase name="execute_validStudentNumber_success()" classname="seedu.address.logic.commands.MarkAbsentCommandTest" time="0.001"/>
  <system-out><![CDATA[]]></system-out>
  <system-err><![CDATA[Nov 01, 2023 6:51:08 PM seedu.address.model.ModelManager <init>
INFO: Set the tutorial count to 10
Nov 01, 2023 6:51:08 PM seedu.address.model.ModelManager <init>
INFO: Set the assignment count to 10
Nov 01, 2023 6:51:08 PM seedu.address.model.ModelManager <init>
INFO: Set the tutorial count to 10
Nov 01, 2023 6:51:08 PM seedu.address.model.ModelManager <init>
INFO: Set the assignment count to 10
Nov 01, 2023 6:51:08 PM seedu.address.model.ModelManager <init>
INFO: Set the tutorial count to 10
Nov 01, 2023 6:51:08 PM seedu.address.model.ModelManager <init>
INFO: Set the assignment count to 10
Nov 01, 2023 6:51:08 PM seedu.address.model.ModelManager <init>
INFO: Set the tutorial count to 10
Nov 01, 2023 6:51:08 PM seedu.address.model.ModelManager <init>
INFO: Set the assignment count to 10
Nov 01, 2023 6:51:08 PM seedu.address.model.ModelManager <init>
INFO: Set the tutorial count to 10
Nov 01, 2023 6:51:08 PM seedu.address.model.ModelManager <init>
INFO: Set the assignment count to 10
]]></system-err>
</testsuite>
