<?xml version="1.0" encoding="UTF-8"?>
<testsuite name="seedu.address.logic.commands.CommandResultTest" tests="3" skipped="0" failures="0" errors="0" timestamp="2023-11-01T10:51:08" hostname="Bohs-Air" time="0.005">
  <properties/>
  <testcase name="equals()" classname="seedu.address.logic.commands.CommandResultTest" time="0.0"/>
  <testcase name="toStringMethod()" classname="seedu.address.logic.commands.CommandResultTest" time="0.005"/>
  <testcase name="hashcode()" classname="seedu.address.logic.commands.CommandResultTest" time="0.0"/>
  <system-out><![CDATA[]]></system-out>
  <system-err><![CDATA[]]></system-err>
</testsuite>
