<?xml version="1.0" encoding="UTF-8"?>
<testsuite name="seedu.address.logic.commands.DeleteTagCommandTest" tests="4" skipped="0" failures="0" errors="0" timestamp="2023-11-01T10:51:08" hostname="Bohs-Air" time="0.003">
  <properties/>
  <testcase name="equals()" classname="seedu.address.logic.commands.DeleteTagCommandTest" time="0.0"/>
  <testcase name="toStringMethod()" classname="seedu.address.logic.commands.DeleteTagCommandTest" time="0.0"/>
  <testcase name="execute_deleteTag_success()" classname="seedu.address.logic.commands.DeleteTagCommandTest" time="0.0"/>
  <testcase name="execute_noStudentWithStudentNumber_failure()" classname="seedu.address.logic.commands.DeleteTagCommandTest" time="0.0"/>
  <system-out><![CDATA[]]></system-out>
  <system-err><![CDATA[Nov 01, 2023 6:51:08 PM seedu.address.model.ModelManager <init>
INFO: Set the tutorial count to 10
Nov 01, 2023 6:51:08 PM seedu.address.model.ModelManager <init>
INFO: Set the assignment count to 10
Nov 01, 2023 6:51:08 PM seedu.address.model.ModelManager <init>
INFO: Set the tutorial count to 10
Nov 01, 2023 6:51:08 PM seedu.address.model.ModelManager <init>
INFO: Set the assignment count to 10
Nov 01, 2023 6:51:08 PM seedu.address.model.ModelManager <init>
INFO: Set the tutorial count to 10
Nov 01, 2023 6:51:08 PM seedu.address.model.ModelManager <init>
INFO: Set the assignment count to 10
Nov 01, 2023 6:51:08 PM seedu.address.model.ModelManager <init>
INFO: Set the tutorial count to 10
Nov 01, 2023 6:51:08 PM seedu.address.model.ModelManager <init>
INFO: Set the assignment count to 10
Nov 01, 2023 6:51:08 PM seedu.address.model.ModelManager <init>
INFO: Set the tutorial count to 10
Nov 01, 2023 6:51:08 PM seedu.address.model.ModelManager <init>
INFO: Set the assignment count to 10
]]></system-err>
</testsuite>
