<?xml version="1.0" encoding="UTF-8"?>
<testsuite name="seedu.address.model.student.StudentTest" tests="4" skipped="0" failures="0" errors="0" timestamp="2023-11-01T10:51:08" hostname="Bohs-Air" time="0.001">
  <properties/>
  <testcase name="equals()" classname="seedu.address.model.student.StudentTest" time="0.0"/>
  <testcase name="toStringMethod()" classname="seedu.address.model.student.StudentTest" time="0.0"/>
  <testcase name="asObservableList_modifyList_throwsUnsupportedOperationException()" classname="seedu.address.model.student.StudentTest" time="0.0"/>
  <testcase name="isSameStudent()" classname="seedu.address.model.student.StudentTest" time="0.001"/>
  <system-out><![CDATA[]]></system-out>
  <system-err><![CDATA[]]></system-err>
</testsuite>
