<?xml version="1.0" encoding="UTF-8"?>
<testsuite name="seedu.address.model.student.grades.AssignmentTrackerTest" tests="8" skipped="0" failures="0" errors="0" timestamp="2023-11-01T10:51:08" hostname="Bohs-Air" time="0.0">
  <properties/>
  <testcase name="updateAssignmentCountChange()" classname="seedu.address.model.student.grades.AssignmentTrackerTest" time="0.0"/>
  <testcase name="constructor_invalidNumOfAssignments_throwsIllegalArgumentException()" classname="seedu.address.model.student.grades.AssignmentTrackerTest" time="0.0"/>
  <testcase name="isValidAssignments()" classname="seedu.address.model.student.grades.AssignmentTrackerTest" time="0.0"/>
  <testcase name="equals()" classname="seedu.address.model.student.grades.AssignmentTrackerTest" time="0.0"/>
  <testcase name="test_hashCode()" classname="seedu.address.model.student.grades.AssignmentTrackerTest" time="0.0"/>
  <testcase name="toStringMethod()" classname="seedu.address.model.student.grades.AssignmentTrackerTest" time="0.0"/>
  <testcase name="assignmentPercentage_noValues_returnsHundred()" classname="seedu.address.model.student.grades.AssignmentTrackerTest" time="0.0"/>
  <testcase name="assignmentPercentage_validValues_returnsCorrectPercentage()" classname="seedu.address.model.student.grades.AssignmentTrackerTest" time="0.0"/>
  <system-out><![CDATA[]]></system-out>
  <system-err><![CDATA[]]></system-err>
</testsuite>
