<?xml version="1.0" encoding="UTF-8"?>
<testsuite name="seedu.address.logic.commands.AddCommandTest" tests="5" skipped="0" failures="0" errors="0" timestamp="2023-11-01T10:51:08" hostname="Bohs-Air" time="0.003">
  <properties/>
  <testcase name="equals()" classname="seedu.address.logic.commands.AddCommandTest" time="0.001"/>
  <testcase name="toStringMethod()" classname="seedu.address.logic.commands.AddCommandTest" time="0.0"/>
  <testcase name="constructor_nullStudent_throwsNullPointerException()" classname="seedu.address.logic.commands.AddCommandTest" time="0.001"/>
  <testcase name="execute_duplicateStudent_throwsCommandException()" classname="seedu.address.logic.commands.AddCommandTest" time="0.001"/>
  <testcase name="execute_studentAcceptedByModel_addSuccessful()" classname="seedu.address.logic.commands.AddCommandTest" time="0.0"/>
  <system-out><![CDATA[]]></system-out>
  <system-err><![CDATA[]]></system-err>
</testsuite>
