<?xml version="1.0" encoding="UTF-8"?>
<testsuite name="seedu.address.logic.parser.LoadCommandParserTest" tests="5" skipped="0" failures="0" errors="0" timestamp="2023-11-01T10:51:08" hostname="Bohs-Air" time="0.001">
  <properties/>
  <testcase name="parse_spaceAsFileName_failure()" classname="seedu.address.logic.parser.LoadCommandParserTest" time="0.0"/>
  <testcase name="parse_validFileName_success()" classname="seedu.address.logic.parser.LoadCommandParserTest" time="0.0"/>
  <testcase name="parse_slashInFileName_failure()" classname="seedu.address.logic.parser.LoadCommandParserTest" time="0.0"/>
  <testcase name="parse_emptyFileName_failure()" classname="seedu.address.logic.parser.LoadCommandParserTest" time="0.0"/>
  <testcase name="parse_nullArguments_failure()" classname="seedu.address.logic.parser.LoadCommandParserTest" time="0.0"/>
  <system-out><![CDATA[]]></system-out>
  <system-err><![CDATA[]]></system-err>
</testsuite>
