<?xml version="1.0" encoding="UTF-8"?>
<testsuite name="seedu.address.model.UserPrefsTest" tests="4" skipped="0" failures="0" errors="0" timestamp="2023-11-01T10:51:08" hostname="Bohs-Air" time="0.0">
  <properties/>
  <testcase name="equals()" classname="seedu.address.model.UserPrefsTest" time="0.0"/>
  <testcase name="setAddressBookFilePath_nullPath_throwsNullPointerException()" classname="seedu.address.model.UserPrefsTest" time="0.0"/>
  <testcase name="toggleTheme()" classname="seedu.address.model.UserPrefsTest" time="0.0"/>
  <testcase name="setGuiSettings_nullGuiSettings_throwsNullPointerException()" classname="seedu.address.model.UserPrefsTest" time="0.0"/>
  <system-out><![CDATA[]]></system-out>
  <system-err><![CDATA[]]></system-err>
</testsuite>
