<?xml version="1.0" encoding="UTF-8"?>
<testsuite name="seedu.address.model.student.grades.CommentTest" tests="6" skipped="0" failures="0" errors="0" timestamp="2023-11-01T10:51:08" hostname="Bohs-Air" time="0.001">
  <properties/>
  <testcase name="constructor_validComment_constructsComment()" classname="seedu.address.model.student.grades.CommentTest" time="0.0"/>
  <testcase name="constructor_invalidComment_throwsNullPointerException()" classname="seedu.address.model.student.grades.CommentTest" time="0.0"/>
  <testcase name="isValidComment_validComments_returnTrue()" classname="seedu.address.model.student.grades.CommentTest" time="0.0"/>
  <testcase name="isValidComment_invalidComments_returnFalse()" classname="seedu.address.model.student.grades.CommentTest" time="0.0"/>
  <testcase name="equalsAndHashCode_commentsWithSameText_areEqual()" classname="seedu.address.model.student.grades.CommentTest" time="0.0"/>
  <testcase name="equals_commentsWithDifferentText_areNotEqual()" classname="seedu.address.model.student.grades.CommentTest" time="0.0"/>
  <system-out><![CDATA[]]></system-out>
  <system-err><![CDATA[]]></system-err>
</testsuite>
