<?xml version="1.0" encoding="UTF-8"?>
<testsuite name="seedu.address.AppParametersTest" tests="5" skipped="0" failures="0" errors="0" timestamp="2023-11-01T10:51:08" hostname="Bohs-Air" time="0.041">
  <properties/>
  <testcase name="equals()" classname="seedu.address.AppParametersTest" time="0.006"/>
  <testcase name="toStringMethod()" classname="seedu.address.AppParametersTest" time="0.006"/>
  <testcase name="parse_validConfigPath_success()" classname="seedu.address.AppParametersTest" time="0.001"/>
  <testcase name="parse_nullConfigPath_success()" classname="seedu.address.AppParametersTest" time="0.0"/>
  <testcase name="parse_invalidConfigPath_success()" classname="seedu.address.AppParametersTest" time="0.028"/>
  <system-out><![CDATA[]]></system-out>
  <system-err><![CDATA[Nov 01, 2023 6:51:08 PM seedu.address.AppParameters parse
WARNING: Invalid config path a?. Using default config path.
]]></system-err>
</testsuite>
