<?xml version="1.0" encoding="UTF-8"?>
<testsuite name="seedu.address.storage.StorageManagerTest" tests="3" skipped="0" failures="0" errors="0" timestamp="2023-11-01T10:51:09" hostname="Bohs-Air" time="0.003">
  <properties/>
  <testcase name="addressBookReadSave()" classname="seedu.address.storage.StorageManagerTest" time="0.002"/>
  <testcase name="prefsReadSave()" classname="seedu.address.storage.StorageManagerTest" time="0.0"/>
  <testcase name="getAddressBookFilePath()" classname="seedu.address.storage.StorageManagerTest" time="0.001"/>
  <system-out><![CDATA[]]></system-out>
  <system-err><![CDATA[Nov 01, 2023 6:51:09 PM seedu.address.commons.util.JsonUtil readJsonFile
INFO: JSON file /var/folders/z5/rb9n03_94bd37vwmj2xw32780000gn/T/junit10351403036185751381/ab found.
Nov 01, 2023 6:51:09 PM seedu.address.commons.util.JsonUtil readJsonFile
INFO: JSON file /var/folders/z5/rb9n03_94bd37vwmj2xw32780000gn/T/junit5647172450802088362/prefs found.
]]></system-err>
</testsuite>
