<?xml version="1.0" encoding="UTF-8"?>
<testsuite name="seedu.address.storage.JsonAdaptedStudentTest" tests="13" skipped="0" failures="0" errors="0" timestamp="2023-11-01T10:51:08" hostname="Bohs-Air" time="0.003">
  <properties/>
  <testcase name="toModelType_nullClassDetails_throwsIllegalValueException()" classname="seedu.address.storage.JsonAdaptedStudentTest" time="0.0"/>
  <testcase name="toModelType_invalidClassDetails_throwsIllegalValueException()" classname="seedu.address.storage.JsonAdaptedStudentTest" time="0.0"/>
  <testcase name="toModelType_nullEmail_throwsIllegalValueException()" classname="seedu.address.storage.JsonAdaptedStudentTest" time="0.001"/>
  <testcase name="toModelType_validStudentDetails_returnsStudent()" classname="seedu.address.storage.JsonAdaptedStudentTest" time="0.0"/>
  <testcase name="toModelType_invalidTags_throwsIllegalValueException()" classname="seedu.address.storage.JsonAdaptedStudentTest" time="0.0"/>
  <testcase name="toModelType_nullComment_throwsIllegalValueException()" classname="seedu.address.storage.JsonAdaptedStudentTest" time="0.0"/>
  <testcase name="toModelType_nullName_throwsIllegalValueException()" classname="seedu.address.storage.JsonAdaptedStudentTest" time="0.0"/>
  <testcase name="toModelType_invalidStudentNumber_throwsIllegalValueException()" classname="seedu.address.storage.JsonAdaptedStudentTest" time="0.0"/>
  <testcase name="toModelType_invalidPhone_throwsIllegalValueException()" classname="seedu.address.storage.JsonAdaptedStudentTest" time="0.0"/>
  <testcase name="toModelType_invalidName_throwsIllegalValueException()" classname="seedu.address.storage.JsonAdaptedStudentTest" time="0.0"/>
  <testcase name="toModelType_nullStudentNumber_throwsIllegalValueException()" classname="seedu.address.storage.JsonAdaptedStudentTest" time="0.0"/>
  <testcase name="toModelType_invalidEmail_throwsIllegalValueException()" classname="seedu.address.storage.JsonAdaptedStudentTest" time="0.001"/>
  <testcase name="toModelType_nullPhone_throwsIllegalValueException()" classname="seedu.address.storage.JsonAdaptedStudentTest" time="0.0"/>
  <system-out><![CDATA[]]></system-out>
  <system-err><![CDATA[]]></system-err>
</testsuite>
