<?xml version="1.0" encoding="UTF-8"?>
<testsuite name="seedu.address.storage.JsonUserPrefsStorageTest" tests="9" skipped="0" failures="0" errors="0" timestamp="2023-11-01T10:51:09" hostname="Bohs-Air" time="0.006">
  <properties/>
  <testcase name="savePrefs_nullPrefs_throwsNullPointerException()" classname="seedu.address.storage.JsonUserPrefsStorageTest" time="0.001"/>
  <testcase name="readUserPrefs_fileInOrder_successfullyRead()" classname="seedu.address.storage.JsonUserPrefsStorageTest" time="0.0"/>
  <testcase name="readUserPrefs_nullFilePath_throwsNullPointerException()" classname="seedu.address.storage.JsonUserPrefsStorageTest" time="0.001"/>
  <testcase name="readUserPrefs_notJsonFormat_exceptionThrown()" classname="seedu.address.storage.JsonUserPrefsStorageTest" time="0.0"/>
  <testcase name="saveUserPrefs_nullFilePath_throwsNullPointerException()" classname="seedu.address.storage.JsonUserPrefsStorageTest" time="0.001"/>
  <testcase name="readUserPrefs_valuesMissingFromFile_defaultValuesUsed()" classname="seedu.address.storage.JsonUserPrefsStorageTest" time="0.0"/>
  <testcase name="readUserPrefs_missingFile_emptyResult()" classname="seedu.address.storage.JsonUserPrefsStorageTest" time="0.0"/>
  <testcase name="saveUserPrefs_allInOrder_success()" classname="seedu.address.storage.JsonUserPrefsStorageTest" time="0.002"/>
  <testcase name="readUserPrefs_extraValuesInFile_extraValuesIgnored()" classname="seedu.address.storage.JsonUserPrefsStorageTest" time="0.001"/>
  <system-out><![CDATA[]]></system-out>
  <system-err><![CDATA[Nov 01, 2023 6:51:09 PM seedu.address.commons.util.JsonUtil readJsonFile
INFO: JSON file src/test/data/JsonUserPrefsStorageTest/TypicalUserPref.json found.
Nov 01, 2023 6:51:09 PM seedu.address.commons.util.JsonUtil readJsonFile
INFO: JSON file src/test/data/JsonUserPrefsStorageTest/NotJsonFormatUserPrefs.json found.
Nov 01, 2023 6:51:09 PM seedu.address.commons.util.JsonUtil readJsonFile
WARNING: Error reading from jsonFile file src/test/data/JsonUserPrefsStorageTest/NotJsonFormatUserPrefs.json: com.fasterxml.jackson.core.JsonParseException: Unrecognized token 'Not': was expecting 'null', 'true', 'false' or NaN
 at [Source: Not a json file!
; line: 1, column: 4]
Nov 01, 2023 6:51:09 PM seedu.address.commons.util.JsonUtil readJsonFile
INFO: JSON file src/test/data/JsonUserPrefsStorageTest/EmptyUserPrefs.json found.
Nov 01, 2023 6:51:09 PM seedu.address.commons.util.JsonUtil readJsonFile
INFO: JSON file /var/folders/z5/rb9n03_94bd37vwmj2xw32780000gn/T/junit7906493052642654015/TempPrefs.json found.
Nov 01, 2023 6:51:09 PM seedu.address.commons.util.JsonUtil readJsonFile
INFO: JSON file /var/folders/z5/rb9n03_94bd37vwmj2xw32780000gn/T/junit7906493052642654015/TempPrefs.json found.
Nov 01, 2023 6:51:09 PM seedu.address.commons.util.JsonUtil readJsonFile
INFO: JSON file src/test/data/JsonUserPrefsStorageTest/ExtraValuesUserPref.json found.
]]></system-err>
</testsuite>
