<?xml version="1.0" encoding="UTF-8"?>
<testsuite name="seedu.address.logic.parser.ViewCommandParserTest" tests="3" skipped="0" failures="0" errors="0" timestamp="2023-11-01T10:51:08" hostname="Bohs-Air" time="0.001">
  <properties/>
  <testcase name="parse_emptyArg_throwsParseException()" classname="seedu.address.logic.parser.ViewCommandParserTest" time="0.0"/>
  <testcase name="parse_validArgs_success()" classname="seedu.address.logic.parser.ViewCommandParserTest" time="0.001"/>
  <testcase name="parse_invalidArgs_throwsParseException()" classname="seedu.address.logic.parser.ViewCommandParserTest" time="0.0"/>
  <system-out><![CDATA[]]></system-out>
  <system-err><![CDATA[]]></system-err>
</testsuite>
