<?xml version="1.0" encoding="UTF-8"?>
<testsuite name="seedu.address.logic.commands.LoadCommandTest" tests="6" skipped="0" failures="0" errors="0" timestamp="2023-11-01T10:51:08" hostname="Bohs-Air" time="0.017">
  <properties/>
  <testcase name="load_corruptFile_throwsCommandException()" classname="seedu.address.logic.commands.LoadCommandTest" time="0.002"/>
  <testcase name="equals()" classname="seedu.address.logic.commands.LoadCommandTest" time="0.0"/>
  <testcase name="test_hashCode()" classname="seedu.address.logic.commands.LoadCommandTest" time="0.0"/>
  <testcase name="loadString()" classname="seedu.address.logic.commands.LoadCommandTest" time="0.0"/>
  <testcase name="load_missingFile_throwsCommandException()" classname="seedu.address.logic.commands.LoadCommandTest" time="0.001"/>
  <testcase name="load_validFile_success()" classname="seedu.address.logic.commands.LoadCommandTest" time="0.011"/>
  <system-out><![CDATA[]]></system-out>
  <system-err><![CDATA[Nov 01, 2023 6:51:08 PM seedu.address.model.ModelManager <init>
INFO: Set the tutorial count to 10
Nov 01, 2023 6:51:08 PM seedu.address.model.ModelManager <init>
INFO: Set the assignment count to 10
Nov 01, 2023 6:51:08 PM seedu.address.commons.util.JsonUtil readJsonFile
INFO: JSON file src/test/data/JsonLoadCommandTest/NotJsonFormatAddressBook.json found.
Nov 01, 2023 6:51:08 PM seedu.address.commons.util.JsonUtil readJsonFile
WARNING: Error reading from jsonFile file src/test/data/JsonLoadCommandTest/NotJsonFormatAddressBook.json: com.fasterxml.jackson.core.JsonParseException: Unrecognized token 'Not': was expecting 'null', 'true', 'false' or NaN
 at [Source: Not a json file!
; line: 1, column: 4]
Nov 01, 2023 6:51:08 PM seedu.address.model.ModelManager <init>
INFO: Set the tutorial count to 10
Nov 01, 2023 6:51:08 PM seedu.address.model.ModelManager <init>
INFO: Set the assignment count to 10
Nov 01, 2023 6:51:08 PM seedu.address.model.ModelManager <init>
INFO: Set the tutorial count to 10
Nov 01, 2023 6:51:08 PM seedu.address.model.ModelManager <init>
INFO: Set the assignment count to 10
Nov 01, 2023 6:51:08 PM seedu.address.model.ModelManager <init>
INFO: Set the tutorial count to 10
Nov 01, 2023 6:51:08 PM seedu.address.model.ModelManager <init>
INFO: Set the assignment count to 10
Nov 01, 2023 6:51:08 PM seedu.address.model.ModelManager <init>
INFO: Set the tutorial count to 10
Nov 01, 2023 6:51:08 PM seedu.address.model.ModelManager <init>
INFO: Set the assignment count to 10
Nov 01, 2023 6:51:08 PM seedu.address.model.ModelManager <init>
INFO: Set the tutorial count to 10
Nov 01, 2023 6:51:08 PM seedu.address.model.ModelManager <init>
INFO: Set the assignment count to 10
Nov 01, 2023 6:51:08 PM seedu.address.model.ModelManager <init>
INFO: Set the tutorial count to 10
Nov 01, 2023 6:51:08 PM seedu.address.model.ModelManager <init>
INFO: Set the assignment count to 10
Nov 01, 2023 6:51:08 PM seedu.address.commons.util.JsonUtil readJsonFile
INFO: JSON file src/test/data/JsonLoadCommandTest/validAddressBook.json found.
Nov 01, 2023 6:51:08 PM seedu.address.commons.util.JsonUtil readJsonFile
INFO: JSON file src/test/data/JsonLoadCommandTest/validAddressBook.json found.
]]></system-err>
</testsuite>
