<?xml version="1.0" encoding="UTF-8"?>
<testsuite name="seedu.address.commons.core.GuiSettingsTest" tests="2" skipped="0" failures="0" errors="0" timestamp="2023-11-01T10:51:08" hostname="Bohs-Air" time="0.007">
  <properties/>
  <testcase name="equals()" classname="seedu.address.commons.core.GuiSettingsTest" time="0.001"/>
  <testcase name="toStringMethod()" classname="seedu.address.commons.core.GuiSettingsTest" time="0.005"/>
  <system-out><![CDATA[]]></system-out>
  <system-err><![CDATA[]]></system-err>
</testsuite>
