<?xml version="1.0" encoding="UTF-8"?>
<testsuite name="seedu.address.model.student.ClassDetailsTest" tests="19" skipped="0" failures="0" errors="0" timestamp="2023-11-01T10:51:08" hostname="Bohs-Air" time="0.003">
  <properties/>
  <testcase name="getClassPartPercentage_noTutorials_success()" classname="seedu.address.model.student.ClassDetailsTest" time="0.0"/>
  <testcase name="recordClassPart_validValues_success()" classname="seedu.address.model.student.ClassDetailsTest" time="0.0"/>
  <testcase name="constructor_validClassDetails_success()" classname="seedu.address.model.student.ClassDetailsTest" time="0.0"/>
  <testcase name="getAttendancePercentage_validValues_success()" classname="seedu.address.model.student.ClassDetailsTest" time="0.0"/>
  <testcase name="getClassPartPercentage_invalidValues_fail()" classname="seedu.address.model.student.ClassDetailsTest" time="0.0"/>
  <testcase name="equals()" classname="seedu.address.model.student.ClassDetailsTest" time="0.001"/>
  <testcase name="getClassPartPercentage_validValues_success()" classname="seedu.address.model.student.ClassDetailsTest" time="0.0"/>
  <testcase name="constructor_invalidClassDetails_throwsIllegalArgumentException()" classname="seedu.address.model.student.ClassDetailsTest" time="0.0"/>
  <testcase name="test_hashCode()" classname="seedu.address.model.student.ClassDetailsTest" time="0.0"/>
  <testcase name="setAssignmentGrade_invalidValues_exceptionThrown()" classname="seedu.address.model.student.ClassDetailsTest" time="0.0"/>
  <testcase name="setAssignmentGrade_validValues_success()" classname="seedu.address.model.student.ClassDetailsTest" time="0.0"/>
  <testcase name="getAssignmentPercentage_validValues_success()" classname="seedu.address.model.student.ClassDetailsTest" time="0.0"/>
  <testcase name="getAssignmentPercentage_invalidValues_fail()" classname="seedu.address.model.student.ClassDetailsTest" time="0.0"/>
  <testcase name="constructor_null_throwsNullPointerException()" classname="seedu.address.model.student.ClassDetailsTest" time="0.0"/>
  <testcase name="getAttendancePercentage_invalidValues_fail()" classname="seedu.address.model.student.ClassDetailsTest" time="0.0"/>
  <testcase name="getAssignmentPercentage_noAssignments_success()" classname="seedu.address.model.student.ClassDetailsTest" time="0.0"/>
  <testcase name="isValidClassDetails()" classname="seedu.address.model.student.ClassDetailsTest" time="0.0"/>
  <testcase name="getAttendancePercentage_noTutorials_success()" classname="seedu.address.model.student.ClassDetailsTest" time="0.0"/>
  <testcase name="recordClassPart_invalidValues_exceptionThrown()" classname="seedu.address.model.student.ClassDetailsTest" time="0.0"/>
  <system-out><![CDATA[]]></system-out>
  <system-err><![CDATA[]]></system-err>
</testsuite>
