<?xml version="1.0" encoding="UTF-8"?>
<testsuite name="seedu.address.commons.core.ConfigTest" tests="2" skipped="0" failures="0" errors="0" timestamp="2023-11-01T10:51:08" hostname="Bohs-Air" time="0.006">
  <properties/>
  <testcase name="equalsMethod()" classname="seedu.address.commons.core.ConfigTest" time="0.0"/>
  <testcase name="toStringMethod()" classname="seedu.address.commons.core.ConfigTest" time="0.006"/>
  <system-out><![CDATA[]]></system-out>
  <system-err><![CDATA[]]></system-err>
</testsuite>
