<?xml version="1.0" encoding="UTF-8"?>
<testsuite name="seedu.address.model.student.grades.ClassParticipationTest" tests="5" skipped="0" failures="0" errors="0" timestamp="2023-11-01T10:51:08" hostname="Bohs-Air" time="0.0">
  <properties/>
  <testcase name="mark_success()" classname="seedu.address.model.student.grades.ClassParticipationTest" time="0.0"/>
  <testcase name="equals()" classname="seedu.address.model.student.grades.ClassParticipationTest" time="0.0"/>
  <testcase name="test_hashCode()" classname="seedu.address.model.student.grades.ClassParticipationTest" time="0.0"/>
  <testcase name="toStringMethod()" classname="seedu.address.model.student.grades.ClassParticipationTest" time="0.0"/>
  <testcase name="unmark_success()" classname="seedu.address.model.student.grades.ClassParticipationTest" time="0.0"/>
  <system-out><![CDATA[]]></system-out>
  <system-err><![CDATA[]]></system-err>
</testsuite>
