<?xml version="1.0" encoding="UTF-8"?>
<testsuite name="seedu.address.ui.UiPartTest" tests="8" skipped="0" failures="0" errors="0" timestamp="2023-11-01T10:51:09" hostname="Bohs-Air" time="0.054">
  <properties/>
  <testcase name="constructor_validFileUrl_loadsFile()" classname="seedu.address.ui.UiPartTest" time="0.045"/>
  <testcase name="constructor_missingFileUrl_throwsAssertionError()" classname="seedu.address.ui.UiPartTest" time="0.001"/>
  <testcase name="constructor_validFileWithFxRootUrl_loadsFile()" classname="seedu.address.ui.UiPartTest" time="0.001"/>
  <testcase name="constructor_nullFileUrl_throwsNullPointerException()" classname="seedu.address.ui.UiPartTest" time="0.0"/>
  <testcase name="constructor_invalidFileUrl_throwsAssertionError()" classname="seedu.address.ui.UiPartTest" time="0.005"/>
  <testcase name="constructor_invalidFileName_throwsAssertionError()" classname="seedu.address.ui.UiPartTest" time="0.001"/>
  <testcase name="constructor_nullFileName_throwsNullPointerException()" classname="seedu.address.ui.UiPartTest" time="0.001"/>
  <testcase name="constructor_missingFileName_throwsNullPointerException()" classname="seedu.address.ui.UiPartTest" time="0.0"/>
  <system-out><![CDATA[]]></system-out>
  <system-err><![CDATA[]]></system-err>
</testsuite>
