<?xml version="1.0" encoding="UTF-8"?>
<testsuite name="seedu.address.commons.core.index.IndexTest" tests="4" skipped="0" failures="0" errors="0" timestamp="2023-11-01T10:51:08" hostname="Bohs-Air" time="0.003">
  <properties/>
  <testcase name="equals()" classname="seedu.address.commons.core.index.IndexTest" time="0.0"/>
  <testcase name="toStringMethod()" classname="seedu.address.commons.core.index.IndexTest" time="0.002"/>
  <testcase name="createZeroBasedIndex()" classname="seedu.address.commons.core.index.IndexTest" time="0.0"/>
  <testcase name="createOneBasedIndex()" classname="seedu.address.commons.core.index.IndexTest" time="0.001"/>
  <system-out><![CDATA[]]></system-out>
  <system-err><![CDATA[]]></system-err>
</testsuite>
