<?xml version="1.0" encoding="UTF-8"?>
<testsuite name="seedu.address.model.student.grades.ClassParticipationTrackerTest" tests="8" skipped="0" failures="0" errors="0" timestamp="2023-11-01T10:51:08" hostname="Bohs-Air" time="0.001">
  <properties/>
  <testcase name="equals()" classname="seedu.address.model.student.grades.ClassParticipationTrackerTest" time="0.0"/>
  <testcase name="test_hashCode()" classname="seedu.address.model.student.grades.ClassParticipationTrackerTest" time="0.0"/>
  <testcase name="toStringMethod()" classname="seedu.address.model.student.grades.ClassParticipationTrackerTest" time="0.001"/>
  <testcase name="classPartPercentage_noValues_returnsHundred()" classname="seedu.address.model.student.grades.ClassParticipationTrackerTest" time="0.0"/>
  <testcase name="isValidAttendance()" classname="seedu.address.model.student.grades.ClassParticipationTrackerTest" time="0.0"/>
  <testcase name="constructor_invalidNumOfTut_throwsIllegalArgumentException()" classname="seedu.address.model.student.grades.ClassParticipationTrackerTest" time="0.0"/>
  <testcase name="classPartPercentage_validValues_returnsCorrectPercentage()" classname="seedu.address.model.student.grades.ClassParticipationTrackerTest" time="0.0"/>
  <testcase name="updateTutorialCountChange()" classname="seedu.address.model.student.grades.ClassParticipationTrackerTest" time="0.0"/>
  <system-out><![CDATA[]]></system-out>
  <system-err><![CDATA[]]></system-err>
</testsuite>
