<?xml version="1.0" encoding="UTF-8"?>
<testsuite name="seedu.address.logic.commands.ConfigCommandTest" tests="4" skipped="0" failures="0" errors="0" timestamp="2023-11-01T10:51:08" hostname="Bohs-Air" time="0.021">
  <properties/>
  <testcase name="configure_validArg_success()" classname="seedu.address.logic.commands.ConfigCommandTest" time="0.017"/>
  <testcase name="equals()" classname="seedu.address.logic.commands.ConfigCommandTest" time="0.0"/>
  <testcase name="test_hashCode()" classname="seedu.address.logic.commands.ConfigCommandTest" time="0.001"/>
  <testcase name="loadString()" classname="seedu.address.logic.commands.ConfigCommandTest" time="0.003"/>
  <system-out><![CDATA[]]></system-out>
  <system-err><![CDATA[Nov 01, 2023 6:51:08 PM seedu.address.commons.util.JsonUtil readJsonFile
INFO: JSON file src/test/data/JsonUserPrefsStorageTest/NotConfiguredUserPref.json found.
Nov 01, 2023 6:51:08 PM seedu.address.model.ModelManager <init>
INFO: Set the tutorial count to 10
Nov 01, 2023 6:51:08 PM seedu.address.model.ModelManager <init>
INFO: Set the assignment count to 10
Nov 01, 2023 6:51:08 PM seedu.address.commons.util.JsonUtil readJsonFile
INFO: JSON file src/test/data/JsonUserPrefsStorageTest/TypicalUserPref.json found.
Nov 01, 2023 6:51:08 PM seedu.address.model.ModelManager <init>
INFO: Set the tutorial count to 10
Nov 01, 2023 6:51:08 PM seedu.address.model.ModelManager <init>
INFO: Set the assignment count to 10
]]></system-err>
</testsuite>
