<?xml version="1.0" encoding="UTF-8"?>
<testsuite name="seedu.address.logic.parser.AddressBookParserTest" tests="27" skipped="0" failures="0" errors="0" timestamp="2023-11-01T10:51:08" hostname="Bohs-Air" time="0.017">
  <properties/>
  <testcase name="parseCommand_delete()" classname="seedu.address.logic.parser.AddressBookParserTest" time="0.001"/>
  <testcase name="parseCommand_add()" classname="seedu.address.logic.parser.AddressBookParserTest" time="0.001"/>
  <testcase name="parseCommand_tag()" classname="seedu.address.logic.parser.AddressBookParserTest" time="0.002"/>
  <testcase name="parseCommand_unrecognisedInput_throwsParseException()" classname="seedu.address.logic.parser.AddressBookParserTest" time="0.0"/>
  <testcase name="parseCommand_lookup()" classname="seedu.address.logic.parser.AddressBookParserTest" time="0.0"/>
  <testcase name="parseCommand_markPresentAll()" classname="seedu.address.logic.parser.AddressBookParserTest" time="0.001"/>
  <testcase name="parseCommand_markPresent()" classname="seedu.address.logic.parser.AddressBookParserTest" time="0.001"/>
  <testcase name="parseCommand_random()" classname="seedu.address.logic.parser.AddressBookParserTest" time="0.001"/>
  <testcase name="parseCommandNotConfigured_theme()" classname="seedu.address.logic.parser.AddressBookParserTest" time="0.0"/>
  <testcase name="parseCommand_clear()" classname="seedu.address.logic.parser.AddressBookParserTest" time="0.0"/>
  <testcase name="parseCommand_theme()" classname="seedu.address.logic.parser.AddressBookParserTest" time="0.0"/>
  <testcase name="parseCommand_edit()" classname="seedu.address.logic.parser.AddressBookParserTest" time="0.001"/>
  <testcase name="parseCommand_exit()" classname="seedu.address.logic.parser.AddressBookParserTest" time="0.0"/>
  <testcase name="parseCommand_help()" classname="seedu.address.logic.parser.AddressBookParserTest" time="0.0"/>
  <testcase name="parseCommand_list()" classname="seedu.address.logic.parser.AddressBookParserTest" time="0.0"/>
  <testcase name="parseCommand_load()" classname="seedu.address.logic.parser.AddressBookParserTest" time="0.0"/>
  <testcase name="parseCommand_view()" classname="seedu.address.logic.parser.AddressBookParserTest" time="0.001"/>
  <testcase name="parseCommand_recordClassPart()" classname="seedu.address.logic.parser.AddressBookParserTest" time="0.001"/>
  <testcase name="parseCommandNotConfigured_exit()" classname="seedu.address.logic.parser.AddressBookParserTest" time="0.0"/>
  <testcase name="parseCommandNotConfigured_help()" classname="seedu.address.logic.parser.AddressBookParserTest" time="0.0"/>
  <testcase name="parseCommandNotConfigured_config()" classname="seedu.address.logic.parser.AddressBookParserTest" time="0.001"/>
  <testcase name="parseCommand_config_throwsParseException()" classname="seedu.address.logic.parser.AddressBookParserTest" time="0.0"/>
  <testcase name="parseCommand_markAbsent()" classname="seedu.address.logic.parser.AddressBookParserTest" time="0.0"/>
  <testcase name="parseCommand_setGrade()" classname="seedu.address.logic.parser.AddressBookParserTest" time="0.001"/>
  <testcase name="parseCommand_comment()" classname="seedu.address.logic.parser.AddressBookParserTest" time="0.003"/>
  <testcase name="parseCommandNotConfigured_unknownCommand_throwsParseException()" classname="seedu.address.logic.parser.AddressBookParserTest" time="0.0"/>
  <testcase name="parseCommand_unknownCommand_throwsParseException()" classname="seedu.address.logic.parser.AddressBookParserTest" time="0.0"/>
  <system-out><![CDATA[]]></system-out>
  <system-err><![CDATA[]]></system-err>
</testsuite>
