<?xml version="1.0" encoding="UTF-8"?>
<testsuite name="seedu.address.logic.commands.LookupCommandTest" tests="7" skipped="0" failures="0" errors="0" timestamp="2023-11-01T10:51:08" hostname="Bohs-Air" time="0.022">
  <properties/>
  <testcase name="equals()" classname="seedu.address.logic.commands.LookupCommandTest" time="0.008"/>
  <testcase name="test_hashCode()" classname="seedu.address.logic.commands.LookupCommandTest" time="0.0"/>
  <testcase name="toStringMethod()" classname="seedu.address.logic.commands.LookupCommandTest" time="0.0"/>
  <testcase name="execute_zeroKeywords_allStudentFound()" classname="seedu.address.logic.commands.LookupCommandTest" time="0.0"/>
  <testcase name="execute_multiplePrefixes_multipleStudentsFound()" classname="seedu.address.logic.commands.LookupCommandTest" time="0.001"/>
  <testcase name="execute_singlePrefix_multipleStudentsFound()" classname="seedu.address.logic.commands.LookupCommandTest" time="0.0"/>
  <testcase name="execute_nonExistentKeywords_noStudentsFound()" classname="seedu.address.logic.commands.LookupCommandTest" time="0.001"/>
  <system-out><![CDATA[]]></system-out>
  <system-err><![CDATA[Nov 01, 2023 6:51:08 PM seedu.address.model.ModelManager <init>
INFO: Set the tutorial count to 10
Nov 01, 2023 6:51:08 PM seedu.address.model.ModelManager <init>
INFO: Set the assignment count to 10
Nov 01, 2023 6:51:08 PM seedu.address.model.ModelManager <init>
INFO: Set the tutorial count to 10
Nov 01, 2023 6:51:08 PM seedu.address.model.ModelManager <init>
INFO: Set the assignment count to 10
Nov 01, 2023 6:51:08 PM seedu.address.model.ModelManager <init>
INFO: Set the tutorial count to 10
Nov 01, 2023 6:51:08 PM seedu.address.model.ModelManager <init>
INFO: Set the assignment count to 10
Nov 01, 2023 6:51:08 PM seedu.address.model.ModelManager <init>
INFO: Set the tutorial count to 10
Nov 01, 2023 6:51:08 PM seedu.address.model.ModelManager <init>
INFO: Set the assignment count to 10
Nov 01, 2023 6:51:08 PM seedu.address.model.ModelManager <init>
INFO: Set the tutorial count to 10
Nov 01, 2023 6:51:08 PM seedu.address.model.ModelManager <init>
INFO: Set the assignment count to 10
Nov 01, 2023 6:51:08 PM seedu.address.model.ModelManager <init>
INFO: Set the tutorial count to 10
Nov 01, 2023 6:51:08 PM seedu.address.model.ModelManager <init>
INFO: Set the assignment count to 10
Nov 01, 2023 6:51:08 PM seedu.address.model.ModelManager <init>
INFO: Set the tutorial count to 10
Nov 01, 2023 6:51:08 PM seedu.address.model.ModelManager <init>
INFO: Set the assignment count to 10
Nov 01, 2023 6:51:08 PM seedu.address.model.ModelManager <init>
INFO: Set the tutorial count to 10
Nov 01, 2023 6:51:08 PM seedu.address.model.ModelManager <init>
INFO: Set the assignment count to 10
Nov 01, 2023 6:51:08 PM seedu.address.model.ModelManager <init>
INFO: Set the tutorial count to 10
Nov 01, 2023 6:51:08 PM seedu.address.model.ModelManager <init>
INFO: Set the assignment count to 10
Nov 01, 2023 6:51:08 PM seedu.address.model.ModelManager <init>
INFO: Set the tutorial count to 10
Nov 01, 2023 6:51:08 PM seedu.address.model.ModelManager <init>
INFO: Set the assignment count to 10
Nov 01, 2023 6:51:08 PM seedu.address.model.ModelManager <init>
INFO: Set the tutorial count to 10
Nov 01, 2023 6:51:08 PM seedu.address.model.ModelManager <init>
INFO: Set the assignment count to 10
Nov 01, 2023 6:51:08 PM seedu.address.model.ModelManager <init>
INFO: Set the tutorial count to 10
Nov 01, 2023 6:51:08 PM seedu.address.model.ModelManager <init>
INFO: Set the assignment count to 10
Nov 01, 2023 6:51:08 PM seedu.address.model.ModelManager <init>
INFO: Set the tutorial count to 10
Nov 01, 2023 6:51:08 PM seedu.address.model.ModelManager <init>
INFO: Set the assignment count to 10
Nov 01, 2023 6:51:08 PM seedu.address.model.ModelManager <init>
INFO: Set the tutorial count to 10
Nov 01, 2023 6:51:08 PM seedu.address.model.ModelManager <init>
INFO: Set the assignment count to 10
]]></system-err>
</testsuite>
