<?xml version="1.0" encoding="UTF-8"?>
<testsuite name="seedu.address.logic.commands.CommentCommandTest" tests="2" skipped="0" failures="0" errors="0" timestamp="2023-11-01T10:51:08" hostname="Bohs-Air" time="0.004">
  <properties/>
  <testcase name="execute_nonexistentStudentNumber_throwsCommandException()" classname="seedu.address.logic.commands.CommentCommandTest" time="0.002"/>
  <testcase name="execute_commentSuccess()" classname="seedu.address.logic.commands.CommentCommandTest" time="0.0"/>
  <system-out><![CDATA[]]></system-out>
  <system-err><![CDATA[Nov 01, 2023 6:51:08 PM seedu.address.model.ModelManager <init>
INFO: Set the tutorial count to 10
Nov 01, 2023 6:51:08 PM seedu.address.model.ModelManager <init>
INFO: Set the assignment count to 10
Nov 01, 2023 6:51:08 PM seedu.address.model.ModelManager <init>
INFO: Set the tutorial count to 10
Nov 01, 2023 6:51:08 PM seedu.address.model.ModelManager <init>
INFO: Set the assignment count to 10
]]></system-err>
</testsuite>
