<?xml version="1.0" encoding="UTF-8"?>
<testsuite name="seedu.address.commons.util.ConfigUtilTest" tests="9" skipped="0" failures="0" errors="0" timestamp="2023-11-01T10:51:08" hostname="Bohs-Air" time="0.237">
  <properties/>
  <testcase name="read_missingFile_emptyResult()" classname="seedu.address.commons.util.ConfigUtilTest" time="0.179"/>
  <testcase name="read_valuesMissingFromFile_defaultValuesUsed()" classname="seedu.address.commons.util.ConfigUtilTest" time="0.038"/>
  <testcase name="read_null_throwsNullPointerException()" classname="seedu.address.commons.util.ConfigUtilTest" time="0.0"/>
  <testcase name="read_fileInOrder_successfullyRead()" classname="seedu.address.commons.util.ConfigUtilTest" time="0.002"/>
  <testcase name="saveConfig_allInOrder_success()" classname="seedu.address.commons.util.ConfigUtilTest" time="0.013"/>
  <testcase name="read_extraValuesInFile_extraValuesIgnored()" classname="seedu.address.commons.util.ConfigUtilTest" time="0.001"/>
  <testcase name="save_nullConfig_throwsNullPointerException()" classname="seedu.address.commons.util.ConfigUtilTest" time="0.0"/>
  <testcase name="read_notJsonFormat_exceptionThrown()" classname="seedu.address.commons.util.ConfigUtilTest" time="0.003"/>
  <testcase name="save_nullFile_throwsNullPointerException()" classname="seedu.address.commons.util.ConfigUtilTest" time="0.0"/>
  <system-out><![CDATA[]]></system-out>
  <system-err><![CDATA[Nov 01, 2023 6:51:08 PM seedu.address.commons.util.JsonUtil readJsonFile
INFO: JSON file src/test/data/ConfigUtilTest/EmptyConfig.json found.
Nov 01, 2023 6:51:08 PM seedu.address.commons.util.JsonUtil readJsonFile
INFO: JSON file src/test/data/ConfigUtilTest/TypicalConfig.json found.
Nov 01, 2023 6:51:08 PM seedu.address.commons.util.JsonUtil readJsonFile
INFO: JSON file /var/folders/z5/rb9n03_94bd37vwmj2xw32780000gn/T/junit6787705996656784862/TempConfig.json found.
Nov 01, 2023 6:51:08 PM seedu.address.commons.util.JsonUtil readJsonFile
INFO: JSON file /var/folders/z5/rb9n03_94bd37vwmj2xw32780000gn/T/junit6787705996656784862/TempConfig.json found.
Nov 01, 2023 6:51:08 PM seedu.address.commons.util.JsonUtil readJsonFile
INFO: JSON file src/test/data/ConfigUtilTest/ExtraValuesConfig.json found.
Nov 01, 2023 6:51:08 PM seedu.address.commons.util.JsonUtil readJsonFile
INFO: JSON file src/test/data/ConfigUtilTest/NotJsonFormatConfig.json found.
Nov 01, 2023 6:51:08 PM seedu.address.commons.util.JsonUtil readJsonFile
WARNING: Error reading from jsonFile file src/test/data/ConfigUtilTest/NotJsonFormatConfig.json: com.fasterxml.jackson.core.JsonParseException: Unrecognized token 'this': was expecting 'null', 'true', 'false' or NaN
 at [Source: this file is not in json format!
; line: 1, column: 5]
]]></system-err>
</testsuite>
