<?xml version="1.0" encoding="UTF-8"?>
<testsuite name="seedu.address.storage.JsonSerializableAddressBookTest" tests="3" skipped="0" failures="0" errors="0" timestamp="2023-11-01T10:51:09" hostname="Bohs-Air" time="0.004">
  <properties/>
  <testcase name="toModelType_invalidStudentFile_throwsIllegalValueException()" classname="seedu.address.storage.JsonSerializableAddressBookTest" time="0.0"/>
  <testcase name="toModelType_typicalStudentsFile_success()" classname="seedu.address.storage.JsonSerializableAddressBookTest" time="0.003"/>
  <testcase name="toModelType_duplicateStudents_throwsIllegalValueException()" classname="seedu.address.storage.JsonSerializableAddressBookTest" time="0.001"/>
  <system-out><![CDATA[seedu.address.storage.JsonAdaptedStudent@66859669
seedu.address.storage.JsonAdaptedStudent@6e591c03
seedu.address.storage.JsonAdaptedStudent@7115d5af
seedu.address.storage.JsonAdaptedStudent@7ce58c1c
seedu.address.storage.JsonAdaptedStudent@36996b37
seedu.address.storage.JsonAdaptedStudent@1006d0e3
seedu.address.storage.JsonAdaptedStudent@4f61c7e1
]]></system-out>
  <system-err><![CDATA[Nov 01, 2023 6:51:09 PM seedu.address.commons.util.JsonUtil readJsonFile
INFO: JSON file src/test/data/JsonSerializableAddressBookTest/invalidStudentAddressBook.json found.
Nov 01, 2023 6:51:09 PM seedu.address.commons.util.JsonUtil readJsonFile
INFO: JSON file src/test/data/JsonSerializableAddressBookTest/typicalStudentsAddressBook.json found.
Nov 01, 2023 6:51:09 PM seedu.address.commons.util.JsonUtil readJsonFile
INFO: JSON file src/test/data/JsonSerializableAddressBookTest/duplicateStudentAddressBook.json found.
]]></system-err>
</testsuite>
