<?xml version="1.0" encoding="UTF-8"?>
<testsuite name="seedu.address.logic.parser.ConfigCommandParserTest" tests="5" skipped="0" failures="0" errors="0" timestamp="2023-11-01T10:51:08" hostname="Bohs-Air" time="0.002">
  <properties/>
  <testcase name="parse_negativeIntArg_failure()" classname="seedu.address.logic.parser.ConfigCommandParserTest" time="0.0"/>
  <testcase name="parse_emptyArg_failure()" classname="seedu.address.logic.parser.ConfigCommandParserTest" time="0.001"/>
  <testcase name="parse_validArg_success()" classname="seedu.address.logic.parser.ConfigCommandParserTest" time="0.001"/>
  <testcase name="parse_validArg2_success()" classname="seedu.address.logic.parser.ConfigCommandParserTest" time="0.0"/>
  <testcase name="parse_nonIntArg_failure()" classname="seedu.address.logic.parser.ConfigCommandParserTest" time="0.0"/>
  <system-out><![CDATA[]]></system-out>
  <system-err><![CDATA[]]></system-err>
</testsuite>
