<?xml version="1.0" encoding="UTF-8"?>
<testsuite name="seedu.address.storage.JsonAddressBookStorageTest" tests="8" skipped="0" failures="0" errors="0" timestamp="2023-11-01T10:51:08" hostname="Bohs-Air" time="0.015">
  <properties/>
  <testcase name="read_missingFile_emptyResult()" classname="seedu.address.storage.JsonAddressBookStorageTest" time="0.001"/>
  <testcase name="saveAddressBook_nullAddressBook_throwsNullPointerException()" classname="seedu.address.storage.JsonAddressBookStorageTest" time="0.0"/>
  <testcase name="saveAddressBook_nullFilePath_throwsNullPointerException()" classname="seedu.address.storage.JsonAddressBookStorageTest" time="0.0"/>
  <testcase name="readAddressBook_invalidAndValidStudentAddressBook_throwDataLoadingException()" classname="seedu.address.storage.JsonAddressBookStorageTest" time="0.002"/>
  <testcase name="readAndSaveAddressBook_allInOrder_success()" classname="seedu.address.storage.JsonAddressBookStorageTest" time="0.009"/>
  <testcase name="readAddressBook_nullFilePath_throwsNullPointerException()" classname="seedu.address.storage.JsonAddressBookStorageTest" time="0.0"/>
  <testcase name="readAddressBook_invalidStudentAddressBook_throwDataLoadingException()" classname="seedu.address.storage.JsonAddressBookStorageTest" time="0.001"/>
  <testcase name="read_notJsonFormat_exceptionThrown()" classname="seedu.address.storage.JsonAddressBookStorageTest" time="0.001"/>
  <system-out><![CDATA[]]></system-out>
  <system-err><![CDATA[Nov 01, 2023 6:51:09 PM seedu.address.commons.util.JsonUtil readJsonFile
INFO: JSON file src/test/data/JsonAddressBookStorageTest/invalidAndValidStudentAddressBook.json found.
Nov 01, 2023 6:51:09 PM seedu.address.commons.util.JsonUtil readJsonFile
WARNING: Error reading from jsonFile file src/test/data/JsonAddressBookStorageTest/invalidAndValidStudentAddressBook.json: com.fasterxml.jackson.databind.JsonMappingException: Can not instantiate value of type [simple type, class seedu.address.storage.JsonAdaptedClassDetails] from String value ('T9'); no single-String constructor/factory method
 at [Source: {
  "students": [ {
    "name": "Valid Student",
    "phone" : "87652533",
    "email" : "cornelia@example.com",
    "studentNumber": "A0213143A",
    "classDetails": "T9",
    "tags" : [ "friends" ]
  }, {
    "name": "Student With Invalid Phone Field",
    "phone" : "87652533",
    "email" : "cornelia@example.com",
    "studentNumber": "A0213143A",
    "classDetails": "T9",
    "tags" : [ "friends" ]
  } ]
}
; line: 7, column: 21] (through reference chain: seedu.address.storage.JsonSerializableAddressBook["students"]->java.util.ArrayList[0]->seedu.address.storage.JsonAdaptedStudent["classDetails"])
Nov 01, 2023 6:51:09 PM seedu.address.commons.util.JsonUtil readJsonFile
INFO: JSON file /var/folders/z5/rb9n03_94bd37vwmj2xw32780000gn/T/junit5722139791345897640/TempAddressBook.json found.
Nov 01, 2023 6:51:09 PM seedu.address.commons.util.JsonUtil readJsonFile
INFO: JSON file /var/folders/z5/rb9n03_94bd37vwmj2xw32780000gn/T/junit5722139791345897640/TempAddressBook.json found.
Nov 01, 2023 6:51:09 PM seedu.address.commons.util.JsonUtil readJsonFile
INFO: JSON file /var/folders/z5/rb9n03_94bd37vwmj2xw32780000gn/T/junit5722139791345897640/TempAddressBook.json found.
Nov 01, 2023 6:51:09 PM seedu.address.commons.util.JsonUtil readJsonFile
INFO: JSON file src/test/data/JsonAddressBookStorageTest/invalidStudentAddressBook.json found.
Nov 01, 2023 6:51:09 PM seedu.address.commons.util.JsonUtil readJsonFile
WARNING: Error reading from jsonFile file src/test/data/JsonAddressBookStorageTest/invalidStudentAddressBook.json: com.fasterxml.jackson.databind.JsonMappingException: Can not instantiate value of type [simple type, class seedu.address.storage.JsonAdaptedClassDetails] from String value ('T9'); no single-String constructor/factory method
 at [Source: {
  "students": [ {
    "name": "Student with invalid name field: Ha!ns Mu@ster",
    "phone" : "87652533",
    "email" : "cornelia@example.com",
    "studentNumber": "A0213143A",
    "classDetails": "T9",
    "tags" : [ "friends" ]
  } ]
}
; line: 7, column: 21] (through reference chain: seedu.address.storage.JsonSerializableAddressBook["students"]->java.util.ArrayList[0]->seedu.address.storage.JsonAdaptedStudent["classDetails"])
Nov 01, 2023 6:51:09 PM seedu.address.commons.util.JsonUtil readJsonFile
INFO: JSON file src/test/data/JsonAddressBookStorageTest/notJsonFormatAddressBook.json found.
Nov 01, 2023 6:51:09 PM seedu.address.commons.util.JsonUtil readJsonFile
WARNING: Error reading from jsonFile file src/test/data/JsonAddressBookStorageTest/notJsonFormatAddressBook.json: com.fasterxml.jackson.core.JsonParseException: Unrecognized token 'not': was expecting 'null', 'true', 'false' or NaN
 at [Source: not json format!
; line: 1, column: 4]
]]></system-err>
</testsuite>
