<?xml version="1.0" encoding="UTF-8"?>
<testsuite name="seedu.address.logic.parser.AddCommandParserTest" tests="5" skipped="0" failures="0" errors="0" timestamp="2023-11-01T10:51:08" hostname="Bohs-Air" time="0.02">
  <properties/>
  <testcase name="parse_repeatedNonTagValue_failure()" classname="seedu.address.logic.parser.AddCommandParserTest" time="0.006"/>
  <testcase name="parse_optionalFieldsMissing_success()" classname="seedu.address.logic.parser.AddCommandParserTest" time="0.003"/>
  <testcase name="parse_allFieldsPresent_success()" classname="seedu.address.logic.parser.AddCommandParserTest" time="0.002"/>
  <testcase name="parse_invalidValue_failure()" classname="seedu.address.logic.parser.AddCommandParserTest" time="0.004"/>
  <testcase name="parse_compulsoryFieldMissing_failure()" classname="seedu.address.logic.parser.AddCommandParserTest" time="0.004"/>
  <system-out><![CDATA[]]></system-out>
  <system-err><![CDATA[]]></system-err>
</testsuite>
